TN:
SF:src\utils\validations.js
FN:2,(anonymous_0)
FN:13,(anonymous_1)
FN:24,(anonymous_2)
FN:34,(anonymous_3)
FN:57,(anonymous_4)
FN:68,(anonymous_5)
FN:71,(anonymous_6)
FN:74,(anonymous_7)
FNF:8
FNH:8
FNDA:3,(anonymous_0)
FNDA:4,(anonymous_1)
FNDA:2,(anonymous_2)
FNDA:4,(anonymous_3)
FNDA:2,(anonymous_4)
FNDA:7,(anonymous_5)
FNDA:88,(anonymous_6)
FNDA:49,(anonymous_7)
DA:2,1
DA:3,3
DA:4,2
DA:9,1
DA:13,1
DA:14,4
DA:15,4
DA:16,2
DA:21,2
DA:24,1
DA:25,2
DA:26,2
DA:27,1
DA:28,1
DA:30,1
DA:34,1
DA:35,4
DA:36,1
DA:41,3
DA:42,1
DA:47,2
DA:48,1
DA:53,1
DA:57,1
DA:58,2
DA:59,1
DA:64,1
DA:68,1
DA:69,7
DA:70,7
DA:71,88
DA:73,7
DA:74,7
DA:75,49
DA:84,7
DA:85,7
DA:87,7
DA:88,7
DA:89,7
DA:91,7
DA:92,1
DA:93,1
DA:94,1
DA:95,6
DA:96,1
DA:97,1
DA:98,1
DA:99,5
DA:100,1
DA:101,1
DA:102,1
DA:103,4
DA:104,1
DA:105,1
DA:106,1
DA:107,3
DA:108,1
DA:109,1
DA:110,1
DA:113,7
LF:60
LH:60
BRDA:3,0,0,2
BRDA:3,0,1,1
BRDA:3,1,0,3
BRDA:3,1,1,2
BRDA:15,2,0,2
BRDA:15,2,1,2
BRDA:15,3,0,4
BRDA:15,3,1,4
BRDA:26,4,0,1
BRDA:26,4,1,1
BRDA:35,5,0,1
BRDA:35,5,1,3
BRDA:35,6,0,4
BRDA:35,6,1,4
BRDA:41,7,0,1
BRDA:41,7,1,2
BRDA:47,8,0,1
BRDA:47,8,1,1
BRDA:58,9,0,1
BRDA:58,9,1,1
BRDA:68,10,0,6
BRDA:68,11,0,6
BRDA:69,12,0,7
BRDA:69,12,1,0
BRDA:70,13,0,7
BRDA:70,13,1,0
BRDA:91,14,0,1
BRDA:91,14,1,6
BRDA:95,15,0,1
BRDA:95,15,1,5
BRDA:99,16,0,1
BRDA:99,16,1,4
BRDA:103,17,0,1
BRDA:103,17,1,3
BRDA:107,18,0,1
BRDA:107,18,1,2
BRDA:107,19,0,3
BRDA:107,19,1,3
BRF:38
BRH:36
end_of_record
