TN:
SF:src\pages\InicioSesion.jsx
FN:7,InicioSesion
FN:19,(anonymous_1)
FN:21,(anonymous_2)
FN:24,(anonymous_3)
FN:28,(anonymous_4)
FN:57,(anonymous_5)
FNF:6
FNH:6
FNDA:17,InicioSesion
FNDA:8,(anonymous_1)
FNDA:8,(anonymous_2)
FNDA:6,(anonymous_3)
FNDA:3,(anonymous_4)
FNDA:3,(anonymous_5)
DA:8,17
DA:9,17
DA:13,17
DA:14,17
DA:15,17
DA:16,17
DA:17,17
DA:19,17
DA:20,8
DA:21,8
DA:23,8
DA:24,6
DA:28,17
DA:29,3
DA:30,3
DA:31,3
DA:33,3
DA:34,3
DA:35,1
DA:36,1
DA:39,2
DA:41,2
DA:42,2
DA:47,2
DA:49,1
DA:51,1
DA:53,2
DA:57,17
DA:58,3
DA:59,3
DA:61,3
DA:62,3
DA:63,1
DA:64,1
DA:67,2
DA:69,2
DA:70,2
DA:74,2
DA:76,1
DA:78,1
DA:80,2
DA:84,17
LF:42
LH:42
BRDA:23,0,0,6
BRDA:23,0,1,2
BRDA:34,1,0,1
BRDA:34,1,1,2
BRDA:47,2,0,1
BRDA:47,2,1,1
BRDA:51,3,0,1
BRDA:51,3,1,0
BRDA:62,4,0,1
BRDA:62,4,1,2
BRDA:74,5,0,1
BRDA:74,5,1,1
BRDA:78,6,0,1
BRDA:78,6,1,0
BRDA:89,7,0,17
BRDA:89,7,1,2
BRDA:90,8,0,17
BRDA:90,8,1,1
BRDA:104,9,0,17
BRDA:104,9,1,3
BRDA:126,10,0,0
BRDA:126,10,1,17
BRDA:130,11,0,0
BRDA:130,11,1,17
BRF:24
BRH:20
end_of_record
TN:
SF:src\pages\RealizarReseña.jsx
FN:7,RealizarReseña
FN:19,(anonymous_1)
FN:20,(anonymous_2)
FN:37,(anonymous_3)
FN:39,(anonymous_4)
FN:52,(anonymous_5)
FN:89,(anonymous_6)
FN:115,(anonymous_7)
FNF:8
FNH:6
FNDA:2,RealizarReseña
FNDA:2,(anonymous_1)
FNDA:2,(anonymous_2)
FNDA:1,(anonymous_3)
FNDA:1,(anonymous_4)
FNDA:1,(anonymous_5)
FNDA:0,(anonymous_6)
FNDA:0,(anonymous_7)
DA:8,2
DA:9,2
DA:10,2
DA:14,2
DA:15,2
DA:16,2
DA:17,2
DA:19,2
DA:20,2
DA:21,2
DA:22,2
DA:27,2
DA:28,2
DA:30,0
DA:34,2
DA:37,2
DA:38,1
DA:39,1
DA:42,1
DA:43,1
DA:44,1
DA:45,0
DA:47,1
DA:52,2
DA:53,1
DA:54,1
DA:55,1
DA:58,1
DA:59,1
DA:60,1
DA:61,1
DA:64,0
DA:66,0
DA:67,0
DA:69,0
DA:70,0
DA:71,0
DA:74,0
DA:85,0
DA:87,0
DA:88,0
DA:89,0
DA:91,0
DA:93,0
DA:97,2
DA:116,0
LF:46
LH:30
BRDA:27,0,0,0
BRDA:27,0,1,2
BRDA:28,1,0,2
BRDA:28,1,1,0
BRDA:42,2,0,1
BRDA:42,2,1,0
BRDA:44,3,0,0
BRDA:44,3,1,1
BRDA:59,4,0,1
BRDA:59,4,1,0
BRDA:69,5,0,0
BRDA:69,5,1,0
BRDA:85,6,0,0
BRDA:85,6,1,0
BRDA:101,7,0,2
BRDA:101,7,1,0
BRDA:102,8,0,2
BRDA:102,8,1,0
BRDA:151,9,0,2
BRDA:151,9,1,1
BRDA:155,10,0,0
BRDA:155,10,1,2
BRF:22
BRH:10
end_of_record
TN:
SF:src\pages\Registro.jsx
FN:7,Registro
FN:19,(anonymous_1)
FN:21,(anonymous_2)
FN:47,(anonymous_3)
FNF:4
FNH:4
FNDA:9,Registro
FNDA:11,(anonymous_1)
FNDA:11,(anonymous_2)
FNDA:3,(anonymous_3)
DA:8,9
DA:9,9
DA:15,9
DA:16,9
DA:17,9
DA:19,9
DA:20,11
DA:21,11
DA:24,11
DA:25,11
DA:26,3
DA:28,11
DA:29,3
DA:30,3
DA:31,2
DA:33,1
DA:36,11
DA:37,3
DA:38,3
DA:39,0
DA:41,3
DA:44,11
DA:47,9
DA:48,3
DA:49,3
DA:52,3
DA:53,3
DA:54,3
DA:56,3
DA:57,3
DA:59,3
DA:60,3
DA:62,3
DA:63,1
DA:64,1
DA:67,2
DA:69,2
DA:71,2
DA:76,2
DA:79,1
DA:89,1
DA:91,1
DA:92,1
DA:94,1
DA:96,2
DA:100,9
LF:46
LH:45
BRDA:25,0,0,3
BRDA:25,0,1,8
BRDA:28,1,0,3
BRDA:28,1,1,8
BRDA:30,2,0,2
BRDA:30,2,1,1
BRDA:36,3,0,3
BRDA:36,3,1,8
BRDA:38,4,0,0
BRDA:38,4,1,3
BRDA:54,5,0,1
BRDA:54,5,1,2
BRDA:57,6,0,1
BRDA:57,6,1,2
BRDA:60,7,0,1
BRDA:60,7,1,2
BRDA:62,8,0,1
BRDA:62,8,1,2
BRDA:76,9,0,1
BRDA:76,9,1,1
BRDA:89,10,0,0
BRDA:89,10,1,1
BRDA:94,11,0,1
BRDA:94,11,1,0
BRDA:105,12,0,9
BRDA:105,12,1,1
BRDA:132,13,0,9
BRDA:132,13,1,1
BRDA:146,14,0,9
BRDA:146,14,1,1
BRDA:160,15,0,9
BRDA:160,15,1,5
BRDA:164,16,0,0
BRDA:164,16,1,9
BRF:34
BRH:30
end_of_record
TN:
SF:src\services\supabaseClient.js
FNF:0
FNH:0
DA:4,1
DA:5,1
DA:7,1
LF:3
LH:3
BRF:0
BRH:0
end_of_record
TN:
SF:src\utils\validations.js
FN:2,(anonymous_0)
FN:13,(anonymous_1)
FN:24,(anonymous_2)
FN:34,(anonymous_3)
FN:57,(anonymous_4)
FN:68,(anonymous_5)
FN:71,(anonymous_6)
FN:74,(anonymous_7)
FNF:8
FNH:8
FNDA:3,(anonymous_0)
FNDA:22,(anonymous_1)
FNDA:11,(anonymous_2)
FNDA:10,(anonymous_3)
FNDA:8,(anonymous_4)
FNDA:9,(anonymous_5)
FNDA:90,(anonymous_6)
FNDA:65,(anonymous_7)
DA:2,4
DA:3,3
DA:4,2
DA:9,1
DA:13,4
DA:14,22
DA:15,22
DA:16,8
DA:21,14
DA:24,4
DA:25,11
DA:26,11
DA:27,7
DA:28,7
DA:30,4
DA:34,4
DA:35,10
DA:36,3
DA:41,7
DA:42,1
DA:47,6
DA:48,1
DA:53,5
DA:57,4
DA:58,8
DA:59,5
DA:64,3
DA:68,4
DA:69,9
DA:70,9
DA:71,90
DA:73,9
DA:74,9
DA:75,65
DA:84,9
DA:85,9
DA:87,9
DA:88,9
DA:89,9
DA:91,9
DA:92,3
DA:93,3
DA:94,3
DA:95,6
DA:96,1
DA:97,1
DA:98,1
DA:99,5
DA:100,1
DA:101,1
DA:102,1
DA:103,4
DA:104,1
DA:105,1
DA:106,1
DA:107,3
DA:108,1
DA:109,1
DA:110,1
DA:113,9
LF:60
LH:60
BRDA:3,0,0,2
BRDA:3,0,1,1
BRDA:3,1,0,3
BRDA:3,1,1,2
BRDA:15,2,0,8
BRDA:15,2,1,14
BRDA:15,3,0,22
BRDA:15,3,1,22
BRDA:26,4,0,7
BRDA:26,4,1,4
BRDA:35,5,0,3
BRDA:35,5,1,7
BRDA:35,6,0,10
BRDA:35,6,1,10
BRDA:41,7,0,1
BRDA:41,7,1,6
BRDA:47,8,0,1
BRDA:47,8,1,5
BRDA:58,9,0,5
BRDA:58,9,1,3
BRDA:68,10,0,6
BRDA:68,11,0,6
BRDA:69,12,0,9
BRDA:69,12,1,1
BRDA:70,13,0,8
BRDA:70,13,1,1
BRDA:91,14,0,3
BRDA:91,14,1,6
BRDA:95,15,0,1
BRDA:95,15,1,5
BRDA:99,16,0,1
BRDA:99,16,1,4
BRDA:103,17,0,1
BRDA:103,17,1,3
BRDA:107,18,0,1
BRDA:107,18,1,2
BRDA:107,19,0,3
BRDA:107,19,1,3
BRF:38
BRH:38
end_of_record
